<?xml version="1.0" encoding="UTF-8"?>
<testng-results total="6" passed="6" failed="0" skipped="0">
  <reporter-output>
  </reporter-output>
  <suite started-at="2019-05-11T16:21:18Z" name="Suite" finished-at="2019-05-11T16:21:18Z" duration-ms="16">
    <groups>
    </groups>
    <test started-at="2019-05-11T16:21:18Z" name="Test" finished-at="2019-05-11T16:21:18Z" duration-ms="16">
      <class name="qaclickacademy.AppiumTest">
        <test-method signature="IOSApps()[pri:0, instance:qaclickacademy.AppiumTest@279ad2e3]" started-at="2019-05-11T09:21:18Z" name="IOSApps" finished-at="2019-05-11T09:21:18Z" duration-ms="0" status="PASS">
          <reporter-output>
          </reporter-output>
        </test-method> <!-- IOSApps -->
        <test-method signature="nativeAppAndroid()[pri:0, instance:qaclickacademy.AppiumTest@279ad2e3]" started-at="2019-05-11T09:21:18Z" name="nativeAppAndroid" finished-at="2019-05-11T09:21:18Z" duration-ms="0" status="PASS">
          <reporter-output>
          </reporter-output>
        </test-method> <!-- nativeAppAndroid -->
      </class> <!-- qaclickacademy.AppiumTest -->
      <class name="qaclickacademy.RestAPITest">
        <test-method signature="deleteTwitter()[pri:0, instance:qaclickacademy.RestAPITest@4d49af10]" started-at="2019-05-11T09:21:18Z" name="deleteTwitter" finished-at="2019-05-11T09:21:18Z" duration-ms="0" status="PASS">
          <reporter-output>
          </reporter-output>
        </test-method> <!-- deleteTwitter -->
        <test-method signature="postJira()[pri:0, instance:qaclickacademy.RestAPITest@4d49af10]" started-at="2019-05-11T09:21:18Z" name="postJira" finished-at="2019-05-11T09:21:18Z" duration-ms="0" status="PASS">
          <reporter-output>
          </reporter-output>
        </test-method> <!-- postJira -->
      </class> <!-- qaclickacademy.RestAPITest -->
      <class name="qaclickacademy.SeleniumTest">
        <test-method signature="BrowserAutomation()[pri:0, instance:qaclickacademy.SeleniumTest@5a4aa2f2]" started-at="2019-05-11T09:21:18Z" name="BrowserAutomation" finished-at="2019-05-11T09:21:18Z" duration-ms="5" status="PASS">
          <reporter-output>
          </reporter-output>
        </test-method> <!-- BrowserAutomation -->
        <test-method signature="elementsUi()[pri:0, instance:qaclickacademy.SeleniumTest@5a4aa2f2]" started-at="2019-05-11T09:21:18Z" name="elementsUi" finished-at="2019-05-11T09:21:18Z" duration-ms="0" status="PASS">
          <reporter-output>
          </reporter-output>
        </test-method> <!-- elementsUi -->
      </class> <!-- qaclickacademy.SeleniumTest -->
    </test> <!-- Test -->
  </suite> <!-- Suite -->
</testng-results>
