<?xml version="1.0" encoding="UTF-8"?>
<testsuite xmlns:xsi="http://www.w3.org/2001/XMLSchema-instance" xsi:noNamespaceSchemaLocation="https://maven.apache.org/surefire/maven-surefire-plugin/xsd/surefire-test-report-3.0.xsd" version="3.0" name="TestSuite" time="0.515" tests="6" errors="0" skipped="0" failures="0">
  <properties>
[...]
</properties>
  <testcase name="BrowserAutomation" classname="qaclickacademy.SeleniumTest" time="0.007"/>
  <testcase name="elementsUi" classname="qaclickacademy.SeleniumTest" time="0.001"/>
  <testcase name="deleteTwitter" classname="qaclickacademy.RestAPITest" time="0.001"/>
  <testcase name="postJira" classname="qaclickacademy.RestAPITest" time="0.001"/>
  <testcase name="IOSApps" classname="qaclickacademy.AppiumTest" time="0.001"/>
  <testcase name="nativeAppAndroid" classname="qaclickacademy.AppiumTest" time="0.001"/>
</testsuite>